2019-06-13 18:55:43,975  :: INFO  :: [Logs]  :: ~~~~~~~~~~~~~~~~~~~~~~~~~~~~~~~~~~~~~~~~~~~~~~~~~~~~~~~~~~~~~~~~~~~~~~~~~~~~~~~~~~~~~~~~. 
2019-06-13 18:55:43,993  :: INFO  :: [Logs]  :: XXXXXXXXXXXXXXXXXXX Execution of MFG Test Cases Started  XXXXXXXXXXXXXXXXXXXXX. 
2019-06-13 18:55:43,993  :: INFO  :: [Logs]  :: ~~~~~~~~~~~~~~~~~~~~~~~~~~~~~~~~~~~~~~~~~~~~~~~~~~~~~~~~~~~~~~~~~~~~~~~~~~~~~~~~~~~~~~~~. 
2019-06-13 18:55:44,062  :: INFO  :: [Logs]  :: Test configuration details are retrived.. 
2019-06-13 18:55:44,194  :: INFO  :: [Logs]  :: ===============================================================================================================. 
2019-06-13 18:55:44,195  :: INFO  :: [Logs]  :: XXXXXXXXXXXXXXXXXXX  Test Case : RegNewBuyerM2_1611 started XXXXXXXXXXXXXXXXXXXX. 
2019-06-13 18:55:44,195  :: INFO  :: [Logs]  :: ===============================================================================================================. 
2019-06-13 18:56:05,504  :: INFO  :: [Logs]  :: Chrome Browser is launched successfully.. 
2019-06-13 18:56:05,504  :: INFO  :: [Logs]  :: Chrome is launched successfully for execution.. 
2019-06-13 18:56:05,510  :: INFO  :: [Logs]  :: Navigated to URL - https://uatapp.mfg.com/. 
2019-06-13 18:56:05,510  :: INFO  :: [Logs]  :: Browser is initialized successfully. 
2019-06-13 18:56:40,823  :: INFO  :: [Logs]  :: User has clicked on 'Register' section. 
2019-06-13 18:57:00,770  :: INFO  :: [Logs]  :: User has chosen 'Needs something made' value from dropdown. 
2019-06-13 18:57:52,537  :: INFO  :: [Logs]  :: User has entered all the values to create a new buyer. 
2019-06-13 18:58:01,687  :: INFO  :: [Logs]  :: 'Register' button is clicked. 
2019-06-13 18:58:33,878  :: INFO  :: [Logs]  :: User has clicked on 'Register' button. 
2019-06-13 18:58:48,591  :: INFO  :: [Logs]  :: A new buyer is successfully created and logged in. 
2019-06-13 18:58:48,596  :: INFO  :: [Logs]  :: Test case passed successfully. 
2019-06-13 18:58:48,619  :: INFO  :: [Logs]  :: <======================================================================================>. 
2019-06-13 18:58:48,619  :: INFO  :: [Logs]  :: <====================== End of Test Case : RegNewBuyerM2_1611 ============================>. 
2019-06-13 18:58:48,619  :: INFO  :: [Logs]  :: <======================================================================================>. 
2019-06-13 18:58:48,878  :: INFO  :: [Logs]  :: Browser is closed successfully. 
2019-06-13 18:58:48,888  :: INFO  :: [Logs]  :: ~~~~~~~~~~~~~~~~~~~~~~~~~~~~~~~~~~~~~~~~~~~~~~~~~~~~~~~~~~~~~~~~~~~~~~~~~~~~~~~~~~~~~~~~. 
2019-06-13 18:58:48,888  :: INFO  :: [Logs]  :: XXXXXXXXXXXXXXXXXXXXXXXXXXXXXXXX     E.N.D     XXXXXXXXXXXXXXXXXXXXXXXXXXXXXXX. 
2019-06-13 18:58:48,888  :: INFO  :: [Logs]  :: ~~~~~~~~~~~~~~~~~~~~~~~~~~~~~~~~~~~~~~~~~~~~~~~~~~~~~~~~~~~~~~~~~~~~~~~~~~~~~~~~~~~~~~~~. 
